<?xml version="1.0" encoding="UTF-8"?>
<testng-results ignored="0" total="1" passed="1" failed="0" skipped="0">
  <reporter-output>
  </reporter-output>
  <suite started-at="2025-10-17T10:18:27 IST" name="Default suite" finished-at="2025-10-17T10:18:36 IST" duration-ms="8272">
    <groups>
    </groups>
    <test started-at="2025-10-17T10:18:27 IST" name="Default test" finished-at="2025-10-17T10:18:36 IST" duration-ms="8272">
      <class name="com.rev.admin.tests.AdminLoginTest">
        <test-method is-config="true" signature="initReport()[pri:0, instance:com.rev.admin.tests.AdminLoginTest@662ac478]" started-at="2025-10-17T10:18:27 IST" name="initReport" finished-at="2025-10-17T10:18:27 IST" duration-ms="363" status="PASS">
          <reporter-output>
          </reporter-output>
        </test-method> <!-- initReport -->
        <test-method is-config="true" signature="setup()[pri:0, instance:com.rev.admin.tests.AdminLoginTest@662ac478]" started-at="2025-10-17T10:18:27 IST" name="setup" finished-at="2025-10-17T10:18:28 IST" duration-ms="751" status="PASS">
          <reporter-output>
          </reporter-output>
        </test-method> <!-- setup -->
        <test-method signature="adminLoginWithOtpTest()[pri:0, instance:com.rev.admin.tests.AdminLoginTest@662ac478]" started-at="2025-10-17T10:18:28 IST" name="adminLoginWithOtpTest" finished-at="2025-10-17T10:18:36 IST" duration-ms="7469" status="PASS">
          <reporter-output>
          </reporter-output>
        </test-method> <!-- adminLoginWithOtpTest -->
        <test-method is-config="true" signature="tearDownReport()[pri:0, instance:com.rev.admin.tests.AdminLoginTest@662ac478]" started-at="2025-10-17T10:18:36 IST" name="tearDownReport" finished-at="2025-10-17T10:18:36 IST" duration-ms="325" status="PASS">
          <reporter-output>
          </reporter-output>
        </test-method> <!-- tearDownReport -->
      </class> <!-- com.rev.admin.tests.AdminLoginTest -->
    </test> <!-- Default test -->
  </suite> <!-- Default suite -->
</testng-results>
