<?xml version="1.0" encoding="UTF-8"?>
<!-- Generated by org.testng.reporters.JUnitXMLReporter -->
<testsuite ignored="2" hostname="DESKTOP-CV85T7O" failures="0" tests="2" name="Admin Functional Tests - All Classes in Package" time="8.475" errors="0" timestamp="2025-10-25T22:06:23 IST">
  <testcase classname="com.rev.admin.tests.AdminLoginTest" name="adminLoginWithOtpTest" time="3.081"/>
  <testcase classname="com.rev.admin.tests.ProcedrueLoading" name="procedureLoadingStatusCodeAndResposeVerification" time="0.908"/>
  <testcase classname="com.rev.admin.base.BaseTest" name="@AfterSuite tearDownReport" time="0.0">
    <ignored/>
  </testcase> <!-- @AfterSuite tearDownReport -->
  <testcase classname="com.rev.admin.base.BaseTest" name="@BeforeSuite initReport" time="0.0">
    <ignored/>
  </testcase> <!-- @BeforeSuite initReport -->
</testsuite> <!-- Admin Functional Tests - All Classes in Package -->
